\BOOKMARK [1][]{section.1}{Wprowadzenie do LaTeX\205 pomoce w internecie}{}% 1
\BOOKMARK [1][]{section.2}{Wstep}{}% 2
\BOOKMARK [2][]{subsection.2.1}{Podrozdzial}{section.2}% 3
\BOOKMARK [3][]{subsubsection.2.1.1}{Podpodrozdzial}{subsection.2.1}% 4
\BOOKMARK [2][]{subsection.2.2}{Struktura plik\363w dla templatki pracy dyplomowej WUT-GIK-Thesis}{section.2}% 5
\BOOKMARK [2][]{subsection.2.3}{Podstawowa struktura dokumentu}{section.2}% 6
\BOOKMARK [2][]{subsection.2.4}{Formatowanie tekstu}{section.2}% 7
\BOOKMARK [2][]{subsection.2.5}{Cytowania}{section.2}% 8
\BOOKMARK [2][]{subsection.2.6}{Wypunktowania}{section.2}% 9
\BOOKMARK [3][]{subsubsection.2.6.1}{Punktacja}{subsection.2.6}% 10
\BOOKMARK [3][]{subsubsection.2.6.2}{Numeracja}{subsection.2.6}% 11
\BOOKMARK [1][]{section.3}{Rodzial 2}{}% 12
\BOOKMARK [2][]{subsection.3.1}{Mathematical expression inline}{section.3}% 13
\BOOKMARK [2][]{subsection.3.2}{Wzory}{section.3}% 14
\BOOKMARK [2][]{subsection.3.3}{Macierze i wzory wieloninijkowe}{section.3}% 15
\BOOKMARK [2][]{subsection.3.4}{Podzial dlugich r\363wnan}{section.3}% 16
\BOOKMARK [2][]{subsection.3.5}{R\363wnania i podr\363wnania}{section.3}% 17
\BOOKMARK [2][]{subsection.3.6}{Rysunki}{section.3}% 18
\BOOKMARK [2][]{subsection.3.7}{Tabele}{section.3}% 19
\BOOKMARK [1][]{section.4}{Rozdzial 3}{}% 20
\BOOKMARK [2][]{subsection.4.1}{Wstawianie kodu}{section.4}% 21
\BOOKMARK [1][]{section.5}{Podsumowanie}{}% 22
